Using pre-set license
Built from '2021.3/staging' branch; Version is '2021.3.8f1 (b30333d56e81) revision 11731763'; Using compiler version '192829333'; Build Type 'Release'
OS: 'Windows 11  (10.0.22000) 64bit Core' Language: 'en' Physical Memory: 16085 MB
BatchMode: 1, IsHumanControllingUs: 0, StartBugReporterOnCrash: 0, Is64bit: 1, IsPro: 1

COMMAND LINE ARGUMENTS:
C:\Program Files\Unity\Hub\Editor\2021.3.8f1\Editor\Unity.exe
-adb2
-batchMode
-noUpm
-name
AssetImportWorker1
-projectPath
C:/Users/lakec/RepEscape/EscapeTheFans
-logFile
Logs/AssetImportWorker1.log
-srvPort
65405
Successfully changed project path to: C:/Users/lakec/RepEscape/EscapeTheFans
C:/Users/lakec/RepEscape/EscapeTheFans
[UnityMemory] Configuration Parameters - Can be set up in boot.config
    "memorysetup-bucket-allocator-granularity=16"
    "memorysetup-bucket-allocator-bucket-count=8"
    "memorysetup-bucket-allocator-block-size=33554432"
    "memorysetup-bucket-allocator-block-count=8"
    "memorysetup-main-allocator-block-size=16777216"
    "memorysetup-thread-allocator-block-size=16777216"
    "memorysetup-gfx-main-allocator-block-size=16777216"
    "memorysetup-gfx-thread-allocator-block-size=16777216"
    "memorysetup-cache-allocator-block-size=4194304"
    "memorysetup-typetree-allocator-block-size=2097152"
    "memorysetup-profiler-bucket-allocator-granularity=16"
    "memorysetup-profiler-bucket-allocator-bucket-count=8"
    "memorysetup-profiler-bucket-allocator-block-size=33554432"
    "memorysetup-profiler-bucket-allocator-block-count=8"
    "memorysetup-profiler-allocator-block-size=16777216"
    "memorysetup-profiler-editor-allocator-block-size=1048576"
    "memorysetup-temp-allocator-size-main=16777216"
    "memorysetup-job-temp-allocator-block-size=2097152"
    "memorysetup-job-temp-allocator-block-size-background=1048576"
    "memorysetup-job-temp-allocator-reduction-small-platforms=262144"
    "memorysetup-temp-allocator-size-background-worker=32768"
    "memorysetup-temp-allocator-size-job-worker=262144"
    "memorysetup-temp-allocator-size-preload-manager=33554432"
    "memorysetup-temp-allocator-size-nav-mesh-worker=65536"
    "memorysetup-temp-allocator-size-audio-worker=65536"
    "memorysetup-temp-allocator-size-cloud-worker=32768"
    "memorysetup-temp-allocator-size-gi-baking-worker=262144"
    "memorysetup-temp-allocator-size-gfx=262144"
Refreshing native plugins compatible for Editor in 78.18 ms, found 4 plugins.
Preloading 0 native plugins for Editor in 0.00 ms.
Initialize engine version: 2021.3.8f1 (b30333d56e81)
[Subsystems] Discovering subsystems at path C:/Program Files/Unity/Hub/Editor/2021.3.8f1/Editor/Data/Resources/UnitySubsystems
[Subsystems] Discovering subsystems at path C:/Users/lakec/RepEscape/EscapeTheFans/Assets
GfxDevice: creating device client; threaded=0; jobified=0
Direct3D:
    Version:  Direct3D 11.0 [level 11.1]
    Renderer: NVIDIA GeForce RTX 3060 Laptop GPU (ID=0x2520)
    Vendor:   NVIDIA
    VRAM:     6023 MB
    Driver:   27.21.14.6221
Initialize mono
Mono path[0] = 'C:/Program Files/Unity/Hub/Editor/2021.3.8f1/Editor/Data/Managed'
Mono path[1] = 'C:/Program Files/Unity/Hub/Editor/2021.3.8f1/Editor/Data/MonoBleedingEdge/lib/mono/unityjit-win32'
Mono config path = 'C:/Program Files/Unity/Hub/Editor/2021.3.8f1/Editor/Data/MonoBleedingEdge/etc'
Using monoOptions --debugger-agent=transport=dt_socket,embedding=1,server=y,suspend=n,address=127.0.0.1:56600
Begin MonoManager ReloadAssembly
Registering precompiled unity dll's ...
Register platform support module: C:/Program Files/Unity/Hub/Editor/2021.3.8f1/Editor/Data/PlaybackEngines/WebGLSupport/UnityEditor.WebGL.Extensions.dll
Register platform support module: C:/Program Files/Unity/Hub/Editor/2021.3.8f1/Editor/Data/PlaybackEngines/WindowsStandaloneSupport/UnityEditor.WindowsStandalone.Extensions.dll
Registered in 0.004572 seconds.
Native extension for WindowsStandalone target not found
Native extension for WebGL target not found
Refreshing native plugins compatible for Editor in 79.07 ms, found 4 plugins.
Preloading 0 native plugins for Editor in 0.00 ms.
Mono: successfully reloaded assembly
- Completed reload, in  0.539 seconds
Domain Reload Profiling:
	ReloadAssembly (539ms)
		BeginReloadAssembly (63ms)
			ExecutionOrderSort (0ms)
			DisableScriptedObjects (0ms)
			BackupInstance (0ms)
			ReleaseScriptingObjects (0ms)
			CreateAndSetChildDomain (1ms)
		EndReloadAssembly (388ms)
			LoadAssemblies (61ms)
			RebuildTransferFunctionScriptingTraits (0ms)
			SetupTypeCache (81ms)
			ReleaseScriptCaches (0ms)
			RebuildScriptCaches (25ms)
			SetupLoadedEditorAssemblies (241ms)
				LogAssemblyErrors (0ms)
				InitializePlatformSupportModulesInManaged (8ms)
				SetLoadedEditorAssemblies (0ms)
				RefreshPlugins (79ms)
				BeforeProcessingInitializeOnLoad (1ms)
				ProcessInitializeOnLoadAttributes (117ms)
				ProcessInitializeOnLoadMethodAttributes (36ms)
				AfterProcessingInitializeOnLoad (0ms)
				EditorAssembliesLoaded (0ms)
			ExecutionOrderSort2 (0ms)
			AwakeInstancesAfterBackupRestoration (0ms)
Platform modules already initialized, skipping
Registering precompiled user dll's ...
Registered in 0.006495 seconds.
Begin MonoManager ReloadAssembly
Symbol file LoadedFromMemory doesn't match image C:\Users\lakec\RepEscape\EscapeTheFans\Library\PackageCache\com.unity.visualscripting@1.7.8\Editor\VisualScripting.Core\Dependencies\YamlDotNet\Unity.VisualScripting.YamlDotNet.dll
Symbol file LoadedFromMemory doesn't match image C:\Users\lakec\RepEscape\EscapeTheFans\Library\PackageCache\com.unity.visualscripting@1.7.8\Editor\VisualScripting.Core\Dependencies\DotNetZip\Unity.VisualScripting.IonicZip.dll
Native extension for WindowsStandalone target not found
Native extension for WebGL target not found
Refreshing native plugins compatible for Editor in 74.30 ms, found 4 plugins.
Preloading 0 native plugins for Editor in 0.00 ms.
Mono: successfully reloaded assembly
- Completed reload, in  0.925 seconds
Domain Reload Profiling:
	ReloadAssembly (926ms)
		BeginReloadAssembly (101ms)
			ExecutionOrderSort (0ms)
			DisableScriptedObjects (4ms)
			BackupInstance (0ms)
			ReleaseScriptingObjects (0ms)
			CreateAndSetChildDomain (22ms)
		EndReloadAssembly (726ms)
			LoadAssemblies (78ms)
			RebuildTransferFunctionScriptingTraits (0ms)
			SetupTypeCache (188ms)
			ReleaseScriptCaches (1ms)
			RebuildScriptCaches (44ms)
			SetupLoadedEditorAssemblies (383ms)
				LogAssemblyErrors (0ms)
				InitializePlatformSupportModulesInManaged (4ms)
				SetLoadedEditorAssemblies (0ms)
				RefreshPlugins (74ms)
				BeforeProcessingInitializeOnLoad (78ms)
				ProcessInitializeOnLoadAttributes (182ms)
				ProcessInitializeOnLoadMethodAttributes (37ms)
				AfterProcessingInitializeOnLoad (7ms)
				EditorAssembliesLoaded (0ms)
			ExecutionOrderSort2 (0ms)
			AwakeInstancesAfterBackupRestoration (5ms)
Platform modules already initialized, skipping
========================================================================
Worker process is ready to serve import requests
Launched and connected shader compiler UnityShaderCompiler.exe after 0.04 seconds
Refreshing native plugins compatible for Editor in 0.93 ms, found 4 plugins.
Preloading 0 native plugins for Editor in 0.00 ms.
Unloading 4090 Unused Serialized files (Serialized files now loaded: 0)
Unloading 44 unused Assets / (222.7 KB). Loaded Objects now: 4542.
Memory consumption went from 152.0 MB to 151.7 MB.
Total: 3.267800 ms (FindLiveObjects: 0.285000 ms CreateObjectMapping: 0.105800 ms MarkObjects: 2.733100 ms  DeleteObjects: 0.143200 ms)

AssetImportParameters requested are different than current active one (requested -> active):
  custom:video-decoder-ogg-theora: a1e56fd34408186e4bbccfd4996cb3dc -> 
  custom:container-muxer-webm: aa71ff27fc2769a1b78a27578f13a17b -> 
  custom:container-demuxer-webm: 4f35f7cbe854078d1ac9338744f61a02 -> 
  custom:video-encoder-webm-vp8: eb34c28f22e8b96e1ab97ce403110664 -> 
  custom:audio-encoder-webm-vorbis: bf7c407c2cedff20999df2af8eb42d56 -> 
  custom:framework-win-MediaFoundation: 216162199b28c13a410421893ffa2e32 -> 
  custom:container-demuxer-ogg: 62fdf1f143b41e24485cea50d1cbac27 -> 
  custom:video-decoder-webm-vp8: 9c59270c3fd7afecdb556c50c9e8de78 -> 
  custom:audio-decoder-ogg-vorbis: bf7c407c2cedff20999df2af8eb42d56 -> 
========================================================================
Received Import Request.
  Time since last request: 849128.312000 seconds.
  path: Assets/Flag 1
  artifactKey: Guid(2679e20b21489dc478a0541b00cceceb) Importer(815301076,1909f56bfc062723c751e8b465ee728b)
Start importing Assets/Flag 1 using Guid(2679e20b21489dc478a0541b00cceceb) Importer(815301076,1909f56bfc062723c751e8b465ee728b)  -> (artifact id: '1746750d988c42845794e6fb3178406c') in 0.007568 seconds 
========================================================================
Received Import Request.
  Time since last request: 23.573776 seconds.
  path: Assets/Flag 1/sprite_01.png
  artifactKey: Guid(4a102bd5a3b073747bdfd36e370eca1c) Importer(815301076,1909f56bfc062723c751e8b465ee728b)
Start importing Assets/Flag 1/sprite_01.png using Guid(4a102bd5a3b073747bdfd36e370eca1c) Importer(815301076,1909f56bfc062723c751e8b465ee728b)  -> (artifact id: '6eb4e05f46ed1e5431984de78c7d44be') in 0.157721 seconds 
========================================================================
Received Import Request.
  Time since last request: 0.000027 seconds.
  path: Assets/Flag 1/sprite_05.png
  artifactKey: Guid(5f2785f95b6c34b4f9ceb5814a4d9196) Importer(815301076,1909f56bfc062723c751e8b465ee728b)
Start importing Assets/Flag 1/sprite_05.png using Guid(5f2785f95b6c34b4f9ceb5814a4d9196) Importer(815301076,1909f56bfc062723c751e8b465ee728b)  -> (artifact id: 'e8f2326d3310faa5e1f6be437c88500e') in 0.020826 seconds 
========================================================================
Received Import Request.
  Time since last request: 0.000028 seconds.
  path: Assets/Flag 1/sprite_17.png
  artifactKey: Guid(54e794b0bad5a7f4aa1fa677f912cadf) Importer(815301076,1909f56bfc062723c751e8b465ee728b)
Start importing Assets/Flag 1/sprite_17.png using Guid(54e794b0bad5a7f4aa1fa677f912cadf) Importer(815301076,1909f56bfc062723c751e8b465ee728b)  -> (artifact id: 'e59c8df4ec823d88e93ac683f69728c5') in 0.031365 seconds 
========================================================================
Received Import Request.
  Time since last request: 0.000028 seconds.
  path: Assets/Flag 1/sprite_14.png
  artifactKey: Guid(bf9b8fb09a905df4c8bda483213da7e8) Importer(815301076,1909f56bfc062723c751e8b465ee728b)
Start importing Assets/Flag 1/sprite_14.png using Guid(bf9b8fb09a905df4c8bda483213da7e8) Importer(815301076,1909f56bfc062723c751e8b465ee728b)  -> (artifact id: '7f3bfef9fd03b228312348eb62b98027') in 0.035508 seconds 
========================================================================
Received Import Request.
  Time since last request: 0.000029 seconds.
  path: Assets/Flag 1/sprite_13.png
  artifactKey: Guid(1f224154ef90f0c408bbec8938165d04) Importer(815301076,1909f56bfc062723c751e8b465ee728b)
Start importing Assets/Flag 1/sprite_13.png using Guid(1f224154ef90f0c408bbec8938165d04) Importer(815301076,1909f56bfc062723c751e8b465ee728b)  -> (artifact id: 'f0d047eb51446712e7d544bddcdbdd47') in 0.022012 seconds 
========================================================================
Received Import Request.
  Time since last request: 0.000029 seconds.
  path: Assets/Flag 1/sprite_04.png
  artifactKey: Guid(37196be5c1dceb942acce4507d308d59) Importer(815301076,1909f56bfc062723c751e8b465ee728b)
Start importing Assets/Flag 1/sprite_04.png using Guid(37196be5c1dceb942acce4507d308d59) Importer(815301076,1909f56bfc062723c751e8b465ee728b)  -> (artifact id: '3e2674b18b125efa59650ef775b2d2e0') in 0.022982 seconds 
========================================================================
Received Import Request.
  Time since last request: 0.000039 seconds.
  path: Assets/Flag 1/sprite_06.png
  artifactKey: Guid(e6e7562e4d59d3b43ae3a96ba22567c3) Importer(815301076,1909f56bfc062723c751e8b465ee728b)
Start importing Assets/Flag 1/sprite_06.png using Guid(e6e7562e4d59d3b43ae3a96ba22567c3) Importer(815301076,1909f56bfc062723c751e8b465ee728b)  -> (artifact id: '8c1a93e30fb186a6ffc46164c0c82f73') in 0.022981 seconds 
========================================================================
Received Import Request.
  Time since last request: 0.000022 seconds.
  path: Assets/Flag 1/sprite_15.png
  artifactKey: Guid(badfde578699b9d4c89a2d79c9c102c7) Importer(815301076,1909f56bfc062723c751e8b465ee728b)
Start importing Assets/Flag 1/sprite_15.png using Guid(badfde578699b9d4c89a2d79c9c102c7) Importer(815301076,1909f56bfc062723c751e8b465ee728b)  -> (artifact id: '5c4e6b1becd00470af803c3c8ba361da') in 0.019590 seconds 
========================================================================
Received Import Request.
  Time since last request: 0.000023 seconds.
  path: Assets/Flag 1/sprite_12.png
  artifactKey: Guid(d139c491d4af2944984fe33a16b26fa2) Importer(815301076,1909f56bfc062723c751e8b465ee728b)
Start importing Assets/Flag 1/sprite_12.png using Guid(d139c491d4af2944984fe33a16b26fa2) Importer(815301076,1909f56bfc062723c751e8b465ee728b)  -> (artifact id: '96a66330697d56fbf47940c65a78eb8b') in 0.022483 seconds 
Editor requested this worker to shutdown with reason: Scaling down because of idle timeout
AssetImportWorker is now disconnected from the server
Process exiting
Exiting without the bug reporter. Application will terminate with return code 0