Using pre-set license
Built from '2021.3/staging' branch; Version is '2021.3.8f1 (b30333d56e81) revision 11731763'; Using compiler version '192829333'; Build Type 'Release'
OS: 'Windows 11  (10.0.22000) 64bit Core' Language: 'en' Physical Memory: 16085 MB
BatchMode: 1, IsHumanControllingUs: 0, StartBugReporterOnCrash: 0, Is64bit: 1, IsPro: 1

COMMAND LINE ARGUMENTS:
C:\Program Files\Unity\Hub\Editor\2021.3.8f1\Editor\Unity.exe
-adb2
-batchMode
-noUpm
-name
AssetImportWorker0
-projectPath
C:/Users/lakec/RepEscape/EscapeTheFans
-logFile
Logs/AssetImportWorker0.log
-srvPort
65405
Successfully changed project path to: C:/Users/lakec/RepEscape/EscapeTheFans
C:/Users/lakec/RepEscape/EscapeTheFans
[UnityMemory] Configuration Parameters - Can be set up in boot.config
    "memorysetup-bucket-allocator-granularity=16"
    "memorysetup-bucket-allocator-bucket-count=8"
    "memorysetup-bucket-allocator-block-size=33554432"
    "memorysetup-bucket-allocator-block-count=8"
    "memorysetup-main-allocator-block-size=16777216"
    "memorysetup-thread-allocator-block-size=16777216"
    "memorysetup-gfx-main-allocator-block-size=16777216"
    "memorysetup-gfx-thread-allocator-block-size=16777216"
    "memorysetup-cache-allocator-block-size=4194304"
    "memorysetup-typetree-allocator-block-size=2097152"
    "memorysetup-profiler-bucket-allocator-granularity=16"
    "memorysetup-profiler-bucket-allocator-bucket-count=8"
    "memorysetup-profiler-bucket-allocator-block-size=33554432"
    "memorysetup-profiler-bucket-allocator-block-count=8"
    "memorysetup-profiler-allocator-block-size=16777216"
    "memorysetup-profiler-editor-allocator-block-size=1048576"
    "memorysetup-temp-allocator-size-main=16777216"
    "memorysetup-job-temp-allocator-block-size=2097152"
    "memorysetup-job-temp-allocator-block-size-background=1048576"
    "memorysetup-job-temp-allocator-reduction-small-platforms=262144"
    "memorysetup-temp-allocator-size-background-worker=32768"
    "memorysetup-temp-allocator-size-job-worker=262144"
    "memorysetup-temp-allocator-size-preload-manager=33554432"
    "memorysetup-temp-allocator-size-nav-mesh-worker=65536"
    "memorysetup-temp-allocator-size-audio-worker=65536"
    "memorysetup-temp-allocator-size-cloud-worker=32768"
    "memorysetup-temp-allocator-size-gi-baking-worker=262144"
    "memorysetup-temp-allocator-size-gfx=262144"
Refreshing native plugins compatible for Editor in 78.07 ms, found 4 plugins.
Preloading 0 native plugins for Editor in 0.00 ms.
Initialize engine version: 2021.3.8f1 (b30333d56e81)
[Subsystems] Discovering subsystems at path C:/Program Files/Unity/Hub/Editor/2021.3.8f1/Editor/Data/Resources/UnitySubsystems
[Subsystems] Discovering subsystems at path C:/Users/lakec/RepEscape/EscapeTheFans/Assets
GfxDevice: creating device client; threaded=0; jobified=0
Direct3D:
    Version:  Direct3D 11.0 [level 11.1]
    Renderer: NVIDIA GeForce RTX 3060 Laptop GPU (ID=0x2520)
    Vendor:   NVIDIA
    VRAM:     6023 MB
    Driver:   27.21.14.6221
Initialize mono
Mono path[0] = 'C:/Program Files/Unity/Hub/Editor/2021.3.8f1/Editor/Data/Managed'
Mono path[1] = 'C:/Program Files/Unity/Hub/Editor/2021.3.8f1/Editor/Data/MonoBleedingEdge/lib/mono/unityjit-win32'
Mono config path = 'C:/Program Files/Unity/Hub/Editor/2021.3.8f1/Editor/Data/MonoBleedingEdge/etc'
Using monoOptions --debugger-agent=transport=dt_socket,embedding=1,server=y,suspend=n,address=127.0.0.1:56248
Begin MonoManager ReloadAssembly
Registering precompiled unity dll's ...
Register platform support module: C:/Program Files/Unity/Hub/Editor/2021.3.8f1/Editor/Data/PlaybackEngines/WebGLSupport/UnityEditor.WebGL.Extensions.dll
Register platform support module: C:/Program Files/Unity/Hub/Editor/2021.3.8f1/Editor/Data/PlaybackEngines/WindowsStandaloneSupport/UnityEditor.WindowsStandalone.Extensions.dll
Registered in 0.004576 seconds.
Native extension for WindowsStandalone target not found
Native extension for WebGL target not found
Refreshing native plugins compatible for Editor in 78.51 ms, found 4 plugins.
Preloading 0 native plugins for Editor in 0.00 ms.
Mono: successfully reloaded assembly
- Completed reload, in  0.532 seconds
Domain Reload Profiling:
	ReloadAssembly (533ms)
		BeginReloadAssembly (61ms)
			ExecutionOrderSort (0ms)
			DisableScriptedObjects (0ms)
			BackupInstance (0ms)
			ReleaseScriptingObjects (0ms)
			CreateAndSetChildDomain (1ms)
		EndReloadAssembly (384ms)
			LoadAssemblies (59ms)
			RebuildTransferFunctionScriptingTraits (0ms)
			SetupTypeCache (81ms)
			ReleaseScriptCaches (0ms)
			RebuildScriptCaches (23ms)
			SetupLoadedEditorAssemblies (237ms)
				LogAssemblyErrors (0ms)
				InitializePlatformSupportModulesInManaged (9ms)
				SetLoadedEditorAssemblies (0ms)
				RefreshPlugins (79ms)
				BeforeProcessingInitializeOnLoad (1ms)
				ProcessInitializeOnLoadAttributes (114ms)
				ProcessInitializeOnLoadMethodAttributes (35ms)
				AfterProcessingInitializeOnLoad (0ms)
				EditorAssembliesLoaded (0ms)
			ExecutionOrderSort2 (0ms)
			AwakeInstancesAfterBackupRestoration (0ms)
Platform modules already initialized, skipping
Registering precompiled user dll's ...
Registered in 0.006569 seconds.
Begin MonoManager ReloadAssembly
Symbol file LoadedFromMemory doesn't match image C:\Users\lakec\RepEscape\EscapeTheFans\Library\PackageCache\com.unity.visualscripting@1.7.8\Editor\VisualScripting.Core\Dependencies\YamlDotNet\Unity.VisualScripting.YamlDotNet.dll
Symbol file LoadedFromMemory doesn't match image C:\Users\lakec\RepEscape\EscapeTheFans\Library\PackageCache\com.unity.visualscripting@1.7.8\Editor\VisualScripting.Core\Dependencies\DotNetZip\Unity.VisualScripting.IonicZip.dll
Native extension for WindowsStandalone target not found
Native extension for WebGL target not found
Refreshing native plugins compatible for Editor in 72.63 ms, found 4 plugins.
Preloading 0 native plugins for Editor in 0.00 ms.
Mono: successfully reloaded assembly
- Completed reload, in  0.930 seconds
Domain Reload Profiling:
	ReloadAssembly (931ms)
		BeginReloadAssembly (104ms)
			ExecutionOrderSort (0ms)
			DisableScriptedObjects (4ms)
			BackupInstance (0ms)
			ReleaseScriptingObjects (0ms)
			CreateAndSetChildDomain (21ms)
		EndReloadAssembly (731ms)
			LoadAssemblies (74ms)
			RebuildTransferFunctionScriptingTraits (0ms)
			SetupTypeCache (194ms)
			ReleaseScriptCaches (1ms)
			RebuildScriptCaches (45ms)
			SetupLoadedEditorAssemblies (381ms)
				LogAssemblyErrors (0ms)
				InitializePlatformSupportModulesInManaged (4ms)
				SetLoadedEditorAssemblies (0ms)
				RefreshPlugins (73ms)
				BeforeProcessingInitializeOnLoad (77ms)
				ProcessInitializeOnLoadAttributes (184ms)
				ProcessInitializeOnLoadMethodAttributes (37ms)
				AfterProcessingInitializeOnLoad (6ms)
				EditorAssembliesLoaded (0ms)
			ExecutionOrderSort2 (0ms)
			AwakeInstancesAfterBackupRestoration (5ms)
Platform modules already initialized, skipping
========================================================================
Worker process is ready to serve import requests
Launched and connected shader compiler UnityShaderCompiler.exe after 0.04 seconds
Refreshing native plugins compatible for Editor in 0.66 ms, found 4 plugins.
Preloading 0 native plugins for Editor in 0.00 ms.
Unloading 4090 Unused Serialized files (Serialized files now loaded: 0)
Unloading 44 unused Assets / (222.7 KB). Loaded Objects now: 4542.
Memory consumption went from 152.0 MB to 151.7 MB.
Total: 3.710300 ms (FindLiveObjects: 0.333500 ms CreateObjectMapping: 0.129100 ms MarkObjects: 3.106300 ms  DeleteObjects: 0.140300 ms)

AssetImportParameters requested are different than current active one (requested -> active):
  custom:video-decoder-ogg-theora: a1e56fd34408186e4bbccfd4996cb3dc -> 
  custom:container-muxer-webm: aa71ff27fc2769a1b78a27578f13a17b -> 
  custom:container-demuxer-webm: 4f35f7cbe854078d1ac9338744f61a02 -> 
  custom:video-encoder-webm-vp8: eb34c28f22e8b96e1ab97ce403110664 -> 
  custom:audio-encoder-webm-vorbis: bf7c407c2cedff20999df2af8eb42d56 -> 
  custom:framework-win-MediaFoundation: 216162199b28c13a410421893ffa2e32 -> 
  custom:container-demuxer-ogg: 62fdf1f143b41e24485cea50d1cbac27 -> 
  custom:video-decoder-webm-vp8: 9c59270c3fd7afecdb556c50c9e8de78 -> 
  custom:audio-decoder-ogg-vorbis: bf7c407c2cedff20999df2af8eb42d56 -> 
========================================================================
Received Import Request.
  Time since last request: 849151.898416 seconds.
  path: Assets/Flag 1/sprite_00.png
  artifactKey: Guid(a5f8e8c9a865e0043af6b1b5042ddc02) Importer(815301076,1909f56bfc062723c751e8b465ee728b)
Start importing Assets/Flag 1/sprite_00.png using Guid(a5f8e8c9a865e0043af6b1b5042ddc02) Importer(815301076,1909f56bfc062723c751e8b465ee728b)  -> (artifact id: '0c404e2c3a0011c30f8d5013133862b1') in 0.152388 seconds 
========================================================================
Received Import Request.
  Time since last request: 0.000032 seconds.
  path: Assets/Flag 1/sprite_03.png
  artifactKey: Guid(377d9d5dc53f9b444b70d7085a17e277) Importer(815301076,1909f56bfc062723c751e8b465ee728b)
Start importing Assets/Flag 1/sprite_03.png using Guid(377d9d5dc53f9b444b70d7085a17e277) Importer(815301076,1909f56bfc062723c751e8b465ee728b)  -> (artifact id: '0cd1c9cf47019ef9b69554645fd56000') in 0.021919 seconds 
========================================================================
Received Import Request.
  Time since last request: 0.000029 seconds.
  path: Assets/Flag 1/sprite_18.png
  artifactKey: Guid(b6d3abc87a97a264c8e68d787a254909) Importer(815301076,1909f56bfc062723c751e8b465ee728b)
Start importing Assets/Flag 1/sprite_18.png using Guid(b6d3abc87a97a264c8e68d787a254909) Importer(815301076,1909f56bfc062723c751e8b465ee728b)  -> (artifact id: 'e3f1be0a40a5717c9919cef169862fa6') in 0.020800 seconds 
========================================================================
Received Import Request.
  Time since last request: 0.000027 seconds.
  path: Assets/Flag 1/sprite_11.png
  artifactKey: Guid(f61df1cd355ce764dafd2724c9582c5d) Importer(815301076,1909f56bfc062723c751e8b465ee728b)
Start importing Assets/Flag 1/sprite_11.png using Guid(f61df1cd355ce764dafd2724c9582c5d) Importer(815301076,1909f56bfc062723c751e8b465ee728b)  -> (artifact id: 'a580c2218067cec6f64f13be1dbca218') in 0.030758 seconds 
========================================================================
Received Import Request.
  Time since last request: 0.000034 seconds.
  path: Assets/Flag 1/sprite_08.png
  artifactKey: Guid(9b5eb74ccab00ee46996e0206a1a6f35) Importer(815301076,1909f56bfc062723c751e8b465ee728b)
Start importing Assets/Flag 1/sprite_08.png using Guid(9b5eb74ccab00ee46996e0206a1a6f35) Importer(815301076,1909f56bfc062723c751e8b465ee728b)  -> (artifact id: '1f0e19145c053d77b052939607e0fcba') in 0.023111 seconds 
========================================================================
Received Import Request.
  Time since last request: 0.000026 seconds.
  path: Assets/Flag 1/sprite_02.png
  artifactKey: Guid(55bdbc1bc3d5dbd47b521cfeb7a1463a) Importer(815301076,1909f56bfc062723c751e8b465ee728b)
Start importing Assets/Flag 1/sprite_02.png using Guid(55bdbc1bc3d5dbd47b521cfeb7a1463a) Importer(815301076,1909f56bfc062723c751e8b465ee728b)  -> (artifact id: '822c8b2110bb8ec64a07cc5a69864034') in 0.020642 seconds 
========================================================================
Received Import Request.
  Time since last request: 0.000041 seconds.
  path: Assets/Flag 1/sprite_09.png
  artifactKey: Guid(03a90106652375340bed5f1b1113c3b9) Importer(815301076,1909f56bfc062723c751e8b465ee728b)
Start importing Assets/Flag 1/sprite_09.png using Guid(03a90106652375340bed5f1b1113c3b9) Importer(815301076,1909f56bfc062723c751e8b465ee728b)  -> (artifact id: '8b123aaa8f0b5e30e203ad932ecdef61') in 0.025922 seconds 
========================================================================
Received Import Request.
  Time since last request: 0.000025 seconds.
  path: Assets/Flag 1/sprite_16.png
  artifactKey: Guid(345e602fc0013354587bbae907c90338) Importer(815301076,1909f56bfc062723c751e8b465ee728b)
Start importing Assets/Flag 1/sprite_16.png using Guid(345e602fc0013354587bbae907c90338) Importer(815301076,1909f56bfc062723c751e8b465ee728b)  -> (artifact id: 'e137e642585356e30ead4057f5354b9c') in 0.022225 seconds 
========================================================================
Received Import Request.
  Time since last request: 0.000036 seconds.
  path: Assets/Flag 1/sprite_07.png
  artifactKey: Guid(9a2c1b0a7423368419af5e1949e73ccb) Importer(815301076,1909f56bfc062723c751e8b465ee728b)
Start importing Assets/Flag 1/sprite_07.png using Guid(9a2c1b0a7423368419af5e1949e73ccb) Importer(815301076,1909f56bfc062723c751e8b465ee728b)  -> (artifact id: '3f255f9c8c59c0df8a8c993e5775ff78') in 0.020034 seconds 
========================================================================
Received Import Request.
  Time since last request: 0.000027 seconds.
  path: Assets/Flag 1/sprite_10.png
  artifactKey: Guid(f8713a0665fee794e8f2263af4ad6afb) Importer(815301076,1909f56bfc062723c751e8b465ee728b)
Start importing Assets/Flag 1/sprite_10.png using Guid(f8713a0665fee794e8f2263af4ad6afb) Importer(815301076,1909f56bfc062723c751e8b465ee728b)  -> (artifact id: '339ef6ba917c757086b2fc64d77183d3') in 0.022755 seconds 
Editor requested this worker to shutdown with reason: Scaling down because of idle timeout
AssetImportWorker is now disconnected from the server
Process exiting
Exiting without the bug reporter. Application will terminate with return code 0